<?xml version="1.0" encoding="UTF-8"?>
<testng-results skipped="0" failed="0" ignored="0" total="6" passed="6">
  <reporter-output>
  </reporter-output>
  <suite name="Default suite" duration-ms="93" started-at="2020-11-16T17:01:56 GMT" finished-at="2020-11-16T17:01:57 GMT">
    <groups>
    </groups>
    <test name="Default test" duration-ms="93" started-at="2020-11-16T17:01:56 GMT" finished-at="2020-11-16T17:01:57 GMT">
      <class name="com.qmetry.testng_demo.CalculatorTest">
        <test-method status="PASS" signature="beforeEachTest()[pri:0, instance:com.qmetry.testng_demo.CalculatorTest@4f970963]" name="beforeEachTest" is-config="true" duration-ms="15" started-at="2020-11-16T17:01:56 GMT" finished-at="2020-11-16T17:01:56 GMT">
          <reporter-output>
          </reporter-output>
        </test-method> <!-- beforeEachTest -->
        <test-method status="PASS" signature="initCalculator()[pri:0, instance:com.qmetry.testng_demo.CalculatorTest@4f970963]" name="initCalculator" is-config="true" duration-ms="1" started-at="2020-11-16T17:01:57 GMT" finished-at="2020-11-16T17:01:57 GMT">
          <reporter-output>
          </reporter-output>
        </test-method> <!-- initCalculator -->
        <test-method status="PASS" signature="testDivisionException()[pri:0, instance:com.qmetry.testng_demo.CalculatorTest@4f970963]" name="testDivisionException" duration-ms="8" started-at="2020-11-16T17:01:57 GMT" finished-at="2020-11-16T17:01:57 GMT">
          <exception class="java.lang.Exception">
            <message>
              <![CDATA[Divider can't be zero]]>
            </message>
            <full-stacktrace>
              <![CDATA[java.lang.Exception: Divider can't be zero
at com.qmetry.Calculator.divison(Calculator.java:23)
at com.qmetry.testng_demo.CalculatorTest.testDivisionException(CalculatorTest.java:51)
at sun.reflect.NativeMethodAccessorImpl.invoke0(Native Method)
at sun.reflect.NativeMethodAccessorImpl.invoke(NativeMethodAccessorImpl.java:62)
at sun.reflect.DelegatingMethodAccessorImpl.invoke(DelegatingMethodAccessorImpl.java:43)
at java.lang.reflect.Method.invoke(Method.java:498)
at org.testng.internal.MethodInvocationHelper.invokeMethod(MethodInvocationHelper.java:132)
at org.testng.internal.TestInvoker.invokeMethod(TestInvoker.java:599)
at org.testng.internal.TestInvoker.invokeTestMethod(TestInvoker.java:174)
at org.testng.internal.MethodRunner.runInSequence(MethodRunner.java:46)
at org.testng.internal.TestInvoker$MethodInvocationAgent.invoke(TestInvoker.java:822)
at org.testng.internal.TestInvoker.invokeTestMethods(TestInvoker.java:147)
at org.testng.internal.TestMethodWorker.invokeTestMethods(TestMethodWorker.java:146)
at org.testng.internal.TestMethodWorker.run(TestMethodWorker.java:128)
at java.util.ArrayList.forEach(ArrayList.java:1257)
at org.testng.TestRunner.privateRun(TestRunner.java:764)
at org.testng.TestRunner.run(TestRunner.java:585)
at org.testng.SuiteRunner.runTest(SuiteRunner.java:384)
at org.testng.SuiteRunner.runSequentially(SuiteRunner.java:378)
at org.testng.SuiteRunner.privateRun(SuiteRunner.java:337)
at org.testng.SuiteRunner.run(SuiteRunner.java:286)
at org.testng.SuiteRunnerWorker.runSuite(SuiteRunnerWorker.java:53)
at org.testng.SuiteRunnerWorker.run(SuiteRunnerWorker.java:96)
at org.testng.TestNG.runSuitesSequentially(TestNG.java:1218)
at org.testng.TestNG.runSuitesLocally(TestNG.java:1140)
at org.testng.TestNG.runSuites(TestNG.java:1069)
at org.testng.TestNG.run(TestNG.java:1037)
at org.testng.remote.AbstractRemoteTestNG.run(AbstractRemoteTestNG.java:115)
at org.testng.remote.RemoteTestNG.initAndRun(RemoteTestNG.java:251)
at org.testng.remote.RemoteTestNG.main(RemoteTestNG.java:77)
]]>
            </full-stacktrace>
          </exception> <!-- java.lang.Exception -->
          <reporter-output>
          </reporter-output>
        </test-method> <!-- testDivisionException -->
        <test-method status="PASS" signature="testDivison()[pri:0, instance:com.qmetry.testng_demo.CalculatorTest@4f970963]" name="testDivison" duration-ms="5" started-at="2020-11-16T17:01:57 GMT" finished-at="2020-11-16T17:01:57 GMT">
          <reporter-output>
          </reporter-output>
        </test-method> <!-- testDivison -->
        <test-method status="PASS" signature="testEqual()[pri:0, instance:com.qmetry.testng_demo.CalculatorTest@4f970963]" name="testEqual" duration-ms="2" started-at="2020-11-16T17:01:57 GMT" finished-at="2020-11-16T17:01:57 GMT">
          <reporter-output>
          </reporter-output>
        </test-method> <!-- testEqual -->
        <test-method status="PASS" signature="testMultiplication()[pri:0, instance:com.qmetry.testng_demo.CalculatorTest@4f970963]" name="testMultiplication" duration-ms="2" started-at="2020-11-16T17:01:57 GMT" finished-at="2020-11-16T17:01:57 GMT">
          <reporter-output>
          </reporter-output>
        </test-method> <!-- testMultiplication -->
        <test-method status="PASS" signature="testSubstraction()[pri:0, instance:com.qmetry.testng_demo.CalculatorTest@4f970963]" name="testSubstraction" duration-ms="1" started-at="2020-11-16T17:01:57 GMT" finished-at="2020-11-16T17:01:57 GMT">
          <reporter-output>
          </reporter-output>
        </test-method> <!-- testSubstraction -->
        <test-method status="PASS" signature="testSum()[pri:0, instance:com.qmetry.testng_demo.CalculatorTest@4f970963]" name="testSum" duration-ms="1" started-at="2020-11-16T17:01:57 GMT" finished-at="2020-11-16T17:01:57 GMT">
          <reporter-output>
          </reporter-output>
        </test-method> <!-- testSum -->
        <test-method status="PASS" signature="afterEachTest()[pri:0, instance:com.qmetry.testng_demo.CalculatorTest@4f970963]" name="afterEachTest" is-config="true" duration-ms="1" started-at="2020-11-16T17:01:57 GMT" finished-at="2020-11-16T17:01:57 GMT">
          <reporter-output>
          </reporter-output>
        </test-method> <!-- afterEachTest -->
      </class> <!-- com.qmetry.testng_demo.CalculatorTest -->
    </test> <!-- Default test -->
  </suite> <!-- Default suite -->
</testng-results>
