<?xml version="1.0" encoding="UTF-8"?>
<!-- Generated by org.testng.reporters.JUnitXMLReporter -->
<testsuite hostname="SALLT1037" ignored="0" name="Default test" tests="6" failures="0" timestamp="2020-11-16T17:01:57 GMT" time="0.093" errors="0">
  <testcase name="testDivisionException" time="0.008" classname="com.qmetry.testng_demo.CalculatorTest"/>
  <testcase name="testDivison" time="0.005" classname="com.qmetry.testng_demo.CalculatorTest"/>
  <testcase name="testEqual" time="0.002" classname="com.qmetry.testng_demo.CalculatorTest"/>
  <testcase name="testMultiplication" time="0.002" classname="com.qmetry.testng_demo.CalculatorTest"/>
  <testcase name="testSubstraction" time="0.001" classname="com.qmetry.testng_demo.CalculatorTest"/>
  <testcase name="testSum" time="0.001" classname="com.qmetry.testng_demo.CalculatorTest"/>
</testsuite> <!-- Default test -->
